mode: set
github.com/rtlnl/data-personalization-api/models/model.go:48.102,50.16 2 1
github.com/rtlnl/data-personalization-api/models/model.go:55.2,55.61 1 1
github.com/rtlnl/data-personalization-api/models/model.go:61.2,67.25 5 0
github.com/rtlnl/data-personalization-api/models/model.go:73.2,79.8 1 0
github.com/rtlnl/data-personalization-api/models/model.go:50.16,52.3 1 0
github.com/rtlnl/data-personalization-api/models/model.go:55.61,58.3 2 1
github.com/rtlnl/data-personalization-api/models/model.go:67.25,68.69 1 0
github.com/rtlnl/data-personalization-api/models/model.go:68.69,70.4 1 0
github.com/rtlnl/data-personalization-api/models/model.go:83.98,85.16 2 0
github.com/rtlnl/data-personalization-api/models/model.go:90.2,91.16 2 0
github.com/rtlnl/data-personalization-api/models/model.go:96.2,104.8 2 0
github.com/rtlnl/data-personalization-api/models/model.go:85.16,87.3 1 0
github.com/rtlnl/data-personalization-api/models/model.go:91.16,93.3 1 0
github.com/rtlnl/data-personalization-api/models/model.go:109.60,110.26 1 0
github.com/rtlnl/data-personalization-api/models/model.go:114.2,118.16 3 0
github.com/rtlnl/data-personalization-api/models/model.go:123.2,127.74 4 0
github.com/rtlnl/data-personalization-api/models/model.go:133.2,133.49 1 0
github.com/rtlnl/data-personalization-api/models/model.go:138.2,138.88 1 0
github.com/rtlnl/data-personalization-api/models/model.go:143.2,143.101 1 0
github.com/rtlnl/data-personalization-api/models/model.go:147.2,147.12 1 0
github.com/rtlnl/data-personalization-api/models/model.go:110.26,112.3 1 0
github.com/rtlnl/data-personalization-api/models/model.go:118.16,120.3 1 0
github.com/rtlnl/data-personalization-api/models/model.go:127.74,129.3 1 0
github.com/rtlnl/data-personalization-api/models/model.go:133.49,135.3 1 0
github.com/rtlnl/data-personalization-api/models/model.go:138.88,140.3 1 0
github.com/rtlnl/data-personalization-api/models/model.go:143.101,145.3 1 0
github.com/rtlnl/data-personalization-api/models/model.go:152.58,154.23 1 0
github.com/rtlnl/data-personalization-api/models/model.go:158.2,162.16 3 0
github.com/rtlnl/data-personalization-api/models/model.go:167.2,171.77 4 0
github.com/rtlnl/data-personalization-api/models/model.go:177.2,177.49 1 0
github.com/rtlnl/data-personalization-api/models/model.go:182.2,182.88 1 0
github.com/rtlnl/data-personalization-api/models/model.go:187.2,187.101 1 0
github.com/rtlnl/data-personalization-api/models/model.go:191.2,191.12 1 0
github.com/rtlnl/data-personalization-api/models/model.go:154.23,156.3 1 0
github.com/rtlnl/data-personalization-api/models/model.go:162.16,164.3 1 0
github.com/rtlnl/data-personalization-api/models/model.go:171.77,173.3 1 0
github.com/rtlnl/data-personalization-api/models/model.go:177.49,179.3 1 0
github.com/rtlnl/data-personalization-api/models/model.go:182.88,184.3 1 0
github.com/rtlnl/data-personalization-api/models/model.go:187.101,189.3 1 0
github.com/rtlnl/data-personalization-api/models/model.go:195.59,197.26 1 0
github.com/rtlnl/data-personalization-api/models/model.go:201.2,204.43 2 0
github.com/rtlnl/data-personalization-api/models/model.go:209.2,210.16 2 0
github.com/rtlnl/data-personalization-api/models/model.go:213.2,216.101 2 0
github.com/rtlnl/data-personalization-api/models/model.go:220.2,220.12 1 0
github.com/rtlnl/data-personalization-api/models/model.go:197.26,199.3 1 0
github.com/rtlnl/data-personalization-api/models/model.go:204.43,206.3 1 0
github.com/rtlnl/data-personalization-api/models/model.go:210.16,212.3 1 0
github.com/rtlnl/data-personalization-api/models/model.go:216.101,218.3 1 0
github.com/rtlnl/data-personalization-api/models/model.go:227.83,228.26 1 0
github.com/rtlnl/data-personalization-api/models/model.go:233.2,234.48 2 0
github.com/rtlnl/data-personalization-api/models/model.go:239.2,243.98 3 0
github.com/rtlnl/data-personalization-api/models/model.go:248.2,248.101 1 0
github.com/rtlnl/data-personalization-api/models/model.go:252.2,252.12 1 0
github.com/rtlnl/data-personalization-api/models/model.go:228.26,230.3 1 0
github.com/rtlnl/data-personalization-api/models/model.go:234.48,236.3 1 0
github.com/rtlnl/data-personalization-api/models/model.go:243.98,245.3 1 0
github.com/rtlnl/data-personalization-api/models/model.go:248.101,250.3 1 0
github.com/rtlnl/data-personalization-api/models/model.go:256.41,258.2 1 0
github.com/rtlnl/data-personalization-api/models/model.go:261.86,266.35 3 0
github.com/rtlnl/data-personalization-api/models/model.go:274.2,275.12 2 0
github.com/rtlnl/data-personalization-api/models/model.go:266.35,271.3 3 0
github.com/rtlnl/data-personalization-api/public/healthz.go:17.30,19.2 1 1
github.com/rtlnl/data-personalization-api/public/public.go:16.38,29.2 4 0
github.com/rtlnl/data-personalization-api/public/public.go:33.74,50.2 7 0
github.com/rtlnl/data-personalization-api/public/recommend.go:36.32,40.40 3 1
github.com/rtlnl/data-personalization-api/public/recommend.go:45.2,46.16 2 1
github.com/rtlnl/data-personalization-api/public/recommend.go:52.2,52.30 1 1
github.com/rtlnl/data-personalization-api/public/recommend.go:58.2,59.31 2 1
github.com/rtlnl/data-personalization-api/public/recommend.go:65.2,66.15 2 1
github.com/rtlnl/data-personalization-api/public/recommend.go:71.2,73.16 3 1
github.com/rtlnl/data-personalization-api/public/recommend.go:78.2,81.4 1 1
github.com/rtlnl/data-personalization-api/public/recommend.go:40.40,43.3 2 1
github.com/rtlnl/data-personalization-api/public/recommend.go:46.16,49.3 2 1
github.com/rtlnl/data-personalization-api/public/recommend.go:52.30,55.3 2 1
github.com/rtlnl/data-personalization-api/public/recommend.go:59.31,60.23 1 1
github.com/rtlnl/data-personalization-api/public/recommend.go:60.23,62.4 1 1
github.com/rtlnl/data-personalization-api/public/recommend.go:66.15,69.3 2 1
github.com/rtlnl/data-personalization-api/public/recommend.go:73.16,76.3 2 0
github.com/rtlnl/data-personalization-api/public/version.go:20.34,23.2 2 1
github.com/rtlnl/data-personalization-api/internal/management.go:28.31,36.26 4 1
github.com/rtlnl/data-personalization-api/internal/management.go:42.2,43.16 2 1
github.com/rtlnl/data-personalization-api/internal/management.go:48.2,48.37 1 1
github.com/rtlnl/data-personalization-api/internal/management.go:36.26,39.3 2 1
github.com/rtlnl/data-personalization-api/internal/management.go:43.16,46.3 2 1
github.com/rtlnl/data-personalization-api/internal/management.go:52.34,56.40 3 1
github.com/rtlnl/data-personalization-api/internal/management.go:61.2,62.16 2 1
github.com/rtlnl/data-personalization-api/internal/management.go:67.2,69.4 1 0
github.com/rtlnl/data-personalization-api/internal/management.go:56.40,59.3 2 1
github.com/rtlnl/data-personalization-api/internal/management.go:62.16,65.3 2 1
github.com/rtlnl/data-personalization-api/internal/management.go:73.35,77.40 3 1
github.com/rtlnl/data-personalization-api/internal/management.go:82.2,83.16 2 1
github.com/rtlnl/data-personalization-api/internal/management.go:88.2,88.43 1 1
github.com/rtlnl/data-personalization-api/internal/management.go:93.2,95.4 1 0
github.com/rtlnl/data-personalization-api/internal/management.go:77.40,80.3 2 1
github.com/rtlnl/data-personalization-api/internal/management.go:83.16,86.3 2 1
github.com/rtlnl/data-personalization-api/internal/management.go:88.43,91.3 2 1
github.com/rtlnl/data-personalization-api/internal/management.go:99.33,103.40 3 0
github.com/rtlnl/data-personalization-api/internal/management.go:108.2,109.16 2 0
github.com/rtlnl/data-personalization-api/internal/management.go:114.2,114.41 1 0
github.com/rtlnl/data-personalization-api/internal/management.go:119.2,121.4 1 0
github.com/rtlnl/data-personalization-api/internal/management.go:103.40,106.3 2 0
github.com/rtlnl/data-personalization-api/internal/management.go:109.16,112.3 2 0
github.com/rtlnl/data-personalization-api/internal/management.go:114.41,117.3 2 0
github.com/rtlnl/data-personalization-api/internal/management.go:125.33,129.40 3 1
github.com/rtlnl/data-personalization-api/internal/management.go:134.2,135.16 2 1
github.com/rtlnl/data-personalization-api/internal/management.go:141.2,141.42 1 1
github.com/rtlnl/data-personalization-api/internal/management.go:146.2,148.4 1 1
github.com/rtlnl/data-personalization-api/internal/management.go:129.40,132.3 2 1
github.com/rtlnl/data-personalization-api/internal/management.go:135.16,138.3 2 1
github.com/rtlnl/data-personalization-api/internal/management.go:141.42,144.3 2 0
github.com/rtlnl/data-personalization-api/internal/version.go:20.34,23.2 2 1
github.com/rtlnl/data-personalization-api/internal/heatlhz.go:17.30,19.2 1 1
github.com/rtlnl/data-personalization-api/internal/internal.go:15.42,28.2 4 0
github.com/rtlnl/data-personalization-api/internal/internal.go:32.117,61.2 17 0
github.com/rtlnl/data-personalization-api/internal/loader.go:46.38,50.40 3 1
github.com/rtlnl/data-personalization-api/internal/loader.go:55.2,56.16 2 1
github.com/rtlnl/data-personalization-api/internal/loader.go:62.2,62.33 1 1
github.com/rtlnl/data-personalization-api/internal/loader.go:67.2,68.77 2 1
github.com/rtlnl/data-personalization-api/internal/loader.go:73.2,75.4 1 1
github.com/rtlnl/data-personalization-api/internal/loader.go:50.40,53.3 2 1
github.com/rtlnl/data-personalization-api/internal/loader.go:56.16,59.3 2 1
github.com/rtlnl/data-personalization-api/internal/loader.go:62.33,65.3 2 1
github.com/rtlnl/data-personalization-api/internal/loader.go:68.77,71.3 2 0
github.com/rtlnl/data-personalization-api/internal/loader.go:79.38,83.40 3 1
github.com/rtlnl/data-personalization-api/internal/loader.go:88.2,89.16 2 1
github.com/rtlnl/data-personalization-api/internal/loader.go:95.2,95.33 1 1
github.com/rtlnl/data-personalization-api/internal/loader.go:100.2,103.77 2 1
github.com/rtlnl/data-personalization-api/internal/loader.go:108.2,110.4 1 1
github.com/rtlnl/data-personalization-api/internal/loader.go:83.40,86.3 2 1
github.com/rtlnl/data-personalization-api/internal/loader.go:89.16,92.3 2 1
github.com/rtlnl/data-personalization-api/internal/loader.go:95.33,98.3 2 1
github.com/rtlnl/data-personalization-api/internal/loader.go:103.77,107.3 2 0
github.com/rtlnl/data-personalization-api/internal/loader.go:114.38,118.40 3 1
github.com/rtlnl/data-personalization-api/internal/loader.go:123.2,124.16 2 1
github.com/rtlnl/data-personalization-api/internal/loader.go:130.2,130.33 1 1
github.com/rtlnl/data-personalization-api/internal/loader.go:135.2,136.52 2 1
github.com/rtlnl/data-personalization-api/internal/loader.go:141.2,143.4 1 1
github.com/rtlnl/data-personalization-api/internal/loader.go:118.40,121.3 2 1
github.com/rtlnl/data-personalization-api/internal/loader.go:124.16,127.3 2 1
github.com/rtlnl/data-personalization-api/internal/loader.go:130.33,133.3 2 1
github.com/rtlnl/data-personalization-api/internal/loader.go:136.52,139.3 2 0
github.com/rtlnl/data-personalization-api/internal/loader.go:170.28,175.40 4 1
github.com/rtlnl/data-personalization-api/internal/loader.go:181.2,182.16 2 1
github.com/rtlnl/data-personalization-api/internal/loader.go:188.2,188.33 1 1
github.com/rtlnl/data-personalization-api/internal/loader.go:193.2,194.40 2 0
github.com/rtlnl/data-personalization-api/internal/loader.go:215.2,215.29 1 0
github.com/rtlnl/data-personalization-api/internal/loader.go:220.2,220.81 1 0
github.com/rtlnl/data-personalization-api/internal/loader.go:175.40,178.3 2 0
github.com/rtlnl/data-personalization-api/internal/loader.go:182.16,185.3 2 1
github.com/rtlnl/data-personalization-api/internal/loader.go:188.33,191.3 2 1
github.com/rtlnl/data-personalization-api/internal/loader.go:194.40,196.3 1 0
github.com/rtlnl/data-personalization-api/internal/loader.go:196.8,202.35 3 0
github.com/rtlnl/data-personalization-api/internal/loader.go:207.3,208.17 2 0
github.com/rtlnl/data-personalization-api/internal/loader.go:212.3,212.41 1 0
github.com/rtlnl/data-personalization-api/internal/loader.go:202.35,205.4 2 0
github.com/rtlnl/data-personalization-api/internal/loader.go:208.17,211.4 2 0
github.com/rtlnl/data-personalization-api/internal/loader.go:215.29,218.3 2 0
github.com/rtlnl/data-personalization-api/internal/loader.go:224.46,231.2 4 1
github.com/rtlnl/data-personalization-api/internal/loader.go:233.105,235.26 2 0
github.com/rtlnl/data-personalization-api/internal/loader.go:247.2,247.82 1 0
github.com/rtlnl/data-personalization-api/internal/loader.go:235.26,236.43 1 0
github.com/rtlnl/data-personalization-api/internal/loader.go:236.43,242.76 3 0
github.com/rtlnl/data-personalization-api/internal/loader.go:242.76,244.5 1 0
github.com/rtlnl/data-personalization-api/internal/loader.go:250.110,256.6 4 0
github.com/rtlnl/data-personalization-api/internal/loader.go:290.2,290.82 1 0
github.com/rtlnl/data-personalization-api/internal/loader.go:256.6,258.20 2 0
github.com/rtlnl/data-personalization-api/internal/loader.go:263.3,266.19 2 0
github.com/rtlnl/data-personalization-api/internal/loader.go:271.3,272.37 2 0
github.com/rtlnl/data-personalization-api/internal/loader.go:276.3,285.75 5 0
github.com/rtlnl/data-personalization-api/internal/loader.go:288.3,288.12 1 0
github.com/rtlnl/data-personalization-api/internal/loader.go:258.20,259.9 1 0
github.com/rtlnl/data-personalization-api/internal/loader.go:266.19,268.12 2 0
github.com/rtlnl/data-personalization-api/internal/loader.go:272.37,273.12 1 0
github.com/rtlnl/data-personalization-api/internal/loader.go:285.75,287.4 1 0
github.com/rtlnl/data-personalization-api/pkg/db/aerospike.go:20.76,22.16 2 1
github.com/rtlnl/data-personalization-api/pkg/db/aerospike.go:26.2,32.3 1 1
github.com/rtlnl/data-personalization-api/pkg/db/aerospike.go:22.16,23.13 1 0
github.com/rtlnl/data-personalization-api/pkg/db/aerospike.go:43.80,45.16 2 1
github.com/rtlnl/data-personalization-api/pkg/db/aerospike.go:49.2,50.16 2 1
github.com/rtlnl/data-personalization-api/pkg/db/aerospike.go:55.2,55.16 1 1
github.com/rtlnl/data-personalization-api/pkg/db/aerospike.go:59.2,60.16 2 1
github.com/rtlnl/data-personalization-api/pkg/db/aerospike.go:64.2,68.8 1 1
github.com/rtlnl/data-personalization-api/pkg/db/aerospike.go:45.16,47.3 1 0
github.com/rtlnl/data-personalization-api/pkg/db/aerospike.go:50.16,52.3 1 0
github.com/rtlnl/data-personalization-api/pkg/db/aerospike.go:55.16,57.3 1 0
github.com/rtlnl/data-personalization-api/pkg/db/aerospike.go:60.16,62.3 1 0
github.com/rtlnl/data-personalization-api/pkg/db/aerospike.go:72.106,74.16 2 1
github.com/rtlnl/data-personalization-api/pkg/db/aerospike.go:78.2,81.16 3 1
github.com/rtlnl/data-personalization-api/pkg/db/aerospike.go:84.2,84.12 1 1
github.com/rtlnl/data-personalization-api/pkg/db/aerospike.go:74.16,76.3 1 0
github.com/rtlnl/data-personalization-api/pkg/db/aerospike.go:81.16,83.3 1 0
github.com/rtlnl/data-personalization-api/pkg/db/aerospike.go:88.95,91.26 1 1
github.com/rtlnl/data-personalization-api/pkg/db/aerospike.go:102.2,102.12 1 1
github.com/rtlnl/data-personalization-api/pkg/db/aerospike.go:91.26,93.17 2 1
github.com/rtlnl/data-personalization-api/pkg/db/aerospike.go:97.3,98.72 2 1
github.com/rtlnl/data-personalization-api/pkg/db/aerospike.go:93.17,95.4 1 0
github.com/rtlnl/data-personalization-api/pkg/db/aerospike.go:98.72,100.4 1 0
github.com/rtlnl/data-personalization-api/pkg/db/aerospike.go:107.42,110.2 2 1
github.com/rtlnl/data-personalization-api/pkg/db/aerospike.go:113.43,114.30 1 1
github.com/rtlnl/data-personalization-api/pkg/db/aerospike.go:117.2,117.12 1 1
github.com/rtlnl/data-personalization-api/pkg/db/aerospike.go:114.30,116.3 1 0
github.com/rtlnl/data-personalization-api/pkg/db/aerospike.go:121.72,123.16 2 0
github.com/rtlnl/data-personalization-api/pkg/db/aerospike.go:127.2,128.16 2 0
github.com/rtlnl/data-personalization-api/pkg/db/aerospike.go:132.2,133.16 2 0
github.com/rtlnl/data-personalization-api/pkg/db/aerospike.go:136.2,136.12 1 0
github.com/rtlnl/data-personalization-api/pkg/db/aerospike.go:123.16,125.3 1 0
github.com/rtlnl/data-personalization-api/pkg/db/aerospike.go:128.16,130.3 1 0
github.com/rtlnl/data-personalization-api/pkg/db/aerospike.go:133.16,135.3 1 0
github.com/rtlnl/data-personalization-api/pkg/db/aerospike.go:141.62,143.2 1 1
github.com/rtlnl/data-personalization-api/pkg/db/aerospike.go:146.83,148.2 1 1
github.com/rtlnl/data-personalization-api/pkg/db/aerospike.go:151.94,153.37 1 1
github.com/rtlnl/data-personalization-api/pkg/db/aerospike.go:158.2,158.12 1 1
github.com/rtlnl/data-personalization-api/pkg/db/aerospike.go:153.37,154.88 1 1
github.com/rtlnl/data-personalization-api/pkg/db/aerospike.go:154.88,156.4 1 0
github.com/rtlnl/data-personalization-api/pkg/db/aerospike.go:162.45,169.2 5 1
github.com/rtlnl/data-personalization-api/pkg/db/aerospike.go:172.49,178.2 4 1
github.com/rtlnl/data-personalization-api/pkg/db/s3.go:18.66,23.2 1 1
github.com/rtlnl/data-personalization-api/pkg/db/s3.go:28.66,34.16 2 1
github.com/rtlnl/data-personalization-api/pkg/db/s3.go:38.2,38.21 1 1
github.com/rtlnl/data-personalization-api/pkg/db/s3.go:34.16,36.3 1 1
github.com/rtlnl/data-personalization-api/pkg/db/s3.go:43.50,52.35 2 1
github.com/rtlnl/data-personalization-api/pkg/db/s3.go:55.2,55.13 1 1
github.com/rtlnl/data-personalization-api/pkg/db/s3.go:52.35,54.3 1 1
